libinput10
libkdecorations2-5v5
libkf5activities5
libkf5archive5
libkf5auth5
libkf5codecs5
libkf5completion5
libkf5configcore5
libkf5configgui5
libkf5configwidgets5
libkf5coreaddons5
libkf5crash5
libkf5dbusaddons5
libkf5declarative5
libkf5doctools5
libkf5globalaccel5
libkf5globalaccelprivate5
libkf5i18n5
libkf5idletime5
libkf5itemviews5
libkf5kcmutils5
libkf5kiocore5
libkf5kiontlm5
libkf5kiowidgets5
libkf5newstuff5
libkf5notifications5
libkf5package5
libkf5plasma5
libkf5plasmaquick5
libkf5service5
libkf5solid5
libkf5textwidgets5
libkf5wallet5
libkf5waylandserver5
libkf5widgetsaddons5
libkf5windowsystem5
libkf5xmlgui5
libphonon4qt5-4
libpolkit-qt5-1-1
libqt5gui5
libqt5multimedia5
libqt5multimediagsttools5
libqt5qml5
libqt5quick5
libqt5quickwidgets5
libqt5script5
libqt5sensors5
libqt5sql5
libqt5webengine5
libqt5webkit5
libqt5webview5
libvlc5
libvlccore9
libxslt1.1
libxss1
