
WARNING: apt does not have a stable CLI interface. Use with caution in scripts.

Get:1 https://archive.ubuntu.com/ubuntu noble InRelease [256 kB]
Get:2 https://archive.ubuntu.com/ubuntu noble-updates InRelease [126 kB]
Get:3 https://security.ubuntu.com/ubuntu noble-security InRelease [126 kB]
Get:4 https://archive.ubuntu.com/ubuntu noble-backports InRelease [126 kB]
Get:5 https://archive.ubuntu.com/ubuntu noble-proposed InRelease [265 kB]
Get:6 https://archive.ubuntu.com/ubuntu noble/main amd64 Packages [1401 kB]
Get:7 https://archive.ubuntu.com/ubuntu noble/main Translation-en [513 kB]
Get:8 https://archive.ubuntu.com/ubuntu noble amd64 Contents (deb) [51.3 MB]
Get:9 https://security.ubuntu.com/ubuntu noble-security/main amd64 Packages [673 kB]
Get:10 https://archive.ubuntu.com/ubuntu noble/restricted amd64 Packages [93.9 kB]
Get:11 https://archive.ubuntu.com/ubuntu noble/restricted Translation-en [18.7 kB]
Get:12 https://archive.ubuntu.com/ubuntu noble/universe amd64 Packages [15.0 MB]
Get:13 https://security.ubuntu.com/ubuntu noble-security/main Translation-en [131 kB]
Get:14 https://security.ubuntu.com/ubuntu noble-security amd64 Contents (deb) [45.7 MB]
Get:15 https://archive.ubuntu.com/ubuntu noble/universe Translation-en [5982 kB]
Get:16 https://archive.ubuntu.com/ubuntu noble/multiverse amd64 Packages [269 kB]
Get:17 https://archive.ubuntu.com/ubuntu noble/multiverse Translation-en [118 kB]
Get:18 https://archive.ubuntu.com/ubuntu noble-updates/main amd64 Packages [953 kB]
Get:19 https://archive.ubuntu.com/ubuntu noble-updates/main Translation-en [212 kB]
Get:20 https://archive.ubuntu.com/ubuntu noble-updates amd64 Contents (deb) [51.6 MB]
Get:21 https://archive.ubuntu.com/ubuntu noble-updates/restricted amd64 Packages [828 kB]
Get:22 https://archive.ubuntu.com/ubuntu noble-updates/restricted Translation-en [168 kB]
Get:23 https://archive.ubuntu.com/ubuntu noble-updates/universe amd64 Packages [1044 kB]
Get:24 https://archive.ubuntu.com/ubuntu noble-updates/universe Translation-en [263 kB]
Get:25 https://archive.ubuntu.com/ubuntu noble-updates/multiverse amd64 Packages [25.3 kB]
Get:26 https://archive.ubuntu.com/ubuntu noble-updates/multiverse Translation-en [5464 B]
Get:27 https://archive.ubuntu.com/ubuntu noble-backports/main amd64 Packages [39.1 kB]
Get:28 https://archive.ubuntu.com/ubuntu noble-backports/main Translation-en [8676 B]
Get:29 https://archive.ubuntu.com/ubuntu noble-backports amd64 Contents (deb) [767 kB]
Get:30 https://archive.ubuntu.com/ubuntu noble-backports/universe amd64 Packages [26.4 kB]
Get:31 https://archive.ubuntu.com/ubuntu noble-backports/universe Translation-en [16.3 kB]
Get:32 https://archive.ubuntu.com/ubuntu noble-proposed/main amd64 Packages [200 kB]
Get:33 https://archive.ubuntu.com/ubuntu noble-proposed/main Translation-en [48.8 kB]
Get:34 https://archive.ubuntu.com/ubuntu noble-proposed amd64 Contents (deb) [12.8 MB]
Get:35 https://archive.ubuntu.com/ubuntu noble-proposed/restricted amd64 Packages [259 kB]
Get:36 https://archive.ubuntu.com/ubuntu noble-proposed/restricted Translation-en [59.6 kB]
Get:37 https://archive.ubuntu.com/ubuntu noble-proposed/universe amd64 Packages [456 kB]
Get:38 https://archive.ubuntu.com/ubuntu noble-proposed/universe Translation-en [57.3 kB]
Get:39 https://archive.ubuntu.com/ubuntu noble-proposed/multiverse Translation-en [1328 B]
Get:40 https://security.ubuntu.com/ubuntu noble-security/restricted amd64 Packages [730 kB]
Get:41 https://security.ubuntu.com/ubuntu noble-security/restricted Translation-en [146 kB]
Get:42 https://security.ubuntu.com/ubuntu noble-security/universe amd64 Packages [822 kB]
Get:43 https://security.ubuntu.com/ubuntu noble-security/universe Translation-en [178 kB]
Get:44 https://security.ubuntu.com/ubuntu noble-security/multiverse amd64 Packages [21.3 kB]
Get:45 https://security.ubuntu.com/ubuntu noble-security/multiverse Translation-en [4460 B]
Fetched 194 MB in 17s (11.3 MB/s)
Reading package lists...
Building dependency tree...
All packages are up to date.
