
WARNING: apt does not have a stable CLI interface. Use with caution in scripts.

Get:1 https://community-packages.deepin.com/beige beige InRelease [35.8 kB]
Get:2 https://community-packages.deepin.com/driver-23 driver InRelease [16.7 kB]
Ign:1 https://community-packages.deepin.com/beige beige InRelease
Ign:2 https://community-packages.deepin.com/driver-23 driver InRelease
Get:3 https://community-packages.deepin.com/beige beige/main amd64 Packages [10.6 MB]
Get:4 https://app-store-files.uniontech.com/250327152742377/appstorev23 beige InRelease [7673 B]
Ign:4 https://app-store-files.uniontech.com/250327152742377/appstorev23 beige InRelease
Get:5 https://community-packages.deepin.com/beige beige/main amd64 Contents (deb) [16.3 MB]
Get:6 https://app-store-files.uniontech.com/250327152742377/appstorev23 beige/appstore amd64 Packages [824 kB]
Get:7 https://community-packages.deepin.com/beige beige/commercial amd64 Packages [62.5 kB]
Get:8 https://community-packages.deepin.com/beige beige/commercial amd64 Contents (deb) [85.0 kB]
Get:9 https://community-packages.deepin.com/beige beige/community amd64 Packages [754 kB]
Get:10 https://community-packages.deepin.com/beige beige/community amd64 Contents (deb) [779 kB]
Get:11 https://community-packages.deepin.com/driver-23 driver/non-free amd64 Packages [700 kB]
Get:12 https://community-packages.deepin.com/driver-23 driver/non-free amd64 Contents (deb) [887 kB]
Fetched 31.0 MB in 9s (3592 kB/s)
Reading package lists...
Building dependency tree...
All packages are up to date.
W: GPG error: https://community-packages.deepin.com/beige beige InRelease: The following signatures couldn't be verified because the public key is not available: NO_PUBKEY 425956BB3E31DF51
W: GPG error: https://community-packages.deepin.com/driver-23 driver InRelease: The following signatures couldn't be verified because the public key is not available: NO_PUBKEY 425956BB3E31DF51
W: GPG error: https://app-store-files.uniontech.com/250327152742377/appstorev23 beige InRelease: The following signatures couldn't be verified because the public key is not available: NO_PUBKEY B8F213033DB6B2D6
