removed '/usr/share/applications/google-maps-geo-handler.desktop'
removed '/usr/share/applications/okularApplication_kimgio.desktop'
removed '/usr/share/applications/okularApplication_comicbook.desktop'
removed '/usr/share/applications/openstreetmap-geo-handler.desktop'
removed '/usr/share/applications/ktelnetservice5.desktop'
removed '/usr/share/applications/okularApplication_fb.desktop'
removed '/usr/share/applications/okularApplication_xps.desktop'
removed '/usr/share/applications/okularApplication_txt.desktop'
removed '/usr/share/applications/org.kde.kded5.desktop'
removed '/usr/share/applications/org.kde.kwalletd5.desktop'
removed '/usr/share/applications/okularApplication_ghostview.desktop'
removed '/usr/share/applications/python3.12.desktop'
removed '/usr/share/applications/okularApplication_plucker.desktop'
removed '/usr/share/applications/org.kde.keditbookmarks.desktop'
removed '/usr/share/applications/okularApplication_fax.desktop'
removed '/usr/share/applications/wheelmap-geo-handler.desktop'
removed '/usr/share/applications/okularApplication_mobi.desktop'
removed '/usr/share/applications/zutty.desktop'
removed '/usr/share/applications/okularApplication_dvi.desktop'
removed '/usr/share/applications/okularApplication_pdf.desktop'
removed '/usr/share/applications/kcm_trash.desktop'
removed '/usr/share/applications/python3.11.desktop'
removed '/usr/share/applications/org.kde.okular.desktop'
removed '/usr/share/applications/geoclue-demo-agent.desktop'
removed '/usr/share/applications/qwant-maps-geo-handler.desktop'
