removed '/usr/share/applications/google-maps-geo-handler.desktop'
removed '/usr/share/applications/org.kde.knewstuff-dialog.desktop'
removed '/usr/share/applications/openstreetmap-geo-handler.desktop'
removed '/usr/share/applications/org.kde.akonadi_imap_resource.desktop'
removed '/usr/share/applications/ktelnetservice5.desktop'
removed '/usr/share/applications/org.kde.accountwizard.desktop'
removed '/usr/share/applications/org.kde.akonadi_openxchange_resource.desktop'
removed '/usr/share/applications/org.kde.kded5.desktop'
removed '/usr/share/applications/org.kde.akonadi_kolab_resource.desktop'
removed '/usr/share/applications/org.kde.kwalletd5.desktop'
removed '/usr/share/applications/org.kde.kaddressbook.desktop'
removed '/usr/share/applications/gcr-viewer.desktop'
removed '/usr/share/applications/org.kde.contactthemeeditor.desktop'
removed '/usr/share/applications/org.kde.kmail2.desktop'
removed '/usr/share/applications/korganizer-view.desktop'
removed '/usr/share/applications/org.kde.akonadi_davgroupware_resource.desktop'
removed '/usr/share/applications/org.kde.akonadi_google_resource.desktop'
removed '/usr/share/applications/python3.12.desktop'
removed '/usr/share/applications/org.kde.knotes.desktop'
removed '/usr/share/applications/org.kde.mboximporter.desktop'
removed '/usr/share/applications/org.kde.kmail-refresh-settings.desktop'
removed '/usr/share/applications/kmail_view.desktop'
removed '/usr/share/applications/org.kde.akonadiimportwizard.desktop'
removed '/usr/share/applications/org.kde.keditbookmarks.desktop'
removed '/usr/share/applications/org.kde.akonadi_ews_resource.desktop'
removed '/usr/share/applications/org.kde.sieveeditor.desktop'
removed '/usr/share/applications/gcr-prompter.desktop'
removed '/usr/share/applications/kaddressbook-importer.desktop'
removed '/usr/share/applications/org.kde.pimdataexporter.desktop'
removed '/usr/share/applications/org.kde.akonadi_contacts_resource.desktop'
removed '/usr/share/applications/org.kde.ktnef.desktop'
removed '/usr/share/applications/wheelmap-geo-handler.desktop'
removed '/usr/share/applications/kaddressbook-view.desktop'
removed '/usr/share/applications/zutty.desktop'
removed '/usr/share/applications/org.kde.headerthemeeditor.desktop'
removed '/usr/share/applications/korganizer-import.desktop'
removed '/usr/share/applications/org.kde.akonadi_vcard_resource.desktop'
removed '/usr/share/applications/org.kde.contactprintthemeeditor.desktop'
removed '/usr/share/applications/org.kde.korganizer.desktop'
removed '/usr/share/applications/kcm_trash.desktop'
removed '/usr/share/applications/python3.11.desktop'
removed '/usr/share/applications/org.kde.akonadi_vcarddir_resource.desktop'
removed '/usr/share/applications/org.kde.akregator.desktop'
removed '/usr/share/applications/geoclue-demo-agent.desktop'
removed '/usr/share/applications/qwant-maps-geo-handler.desktop'
