libIlmImf-2_2.so.23
libQt53DCore.so.5
libQt53DExtras.so.5
libQt53DQuickScene2D.so.5
libQt53DRender.so.5
libQt5EglFSDeviceIntegration.so.5
libQt5Gamepad.so.5
libQt5Location.so.5
libQt5Multimedia.so.5
libQt5Positioning.so.5
libQt5Qml.so.5
libQt5Quick.so.5
libQt5Sensors.so.5
libQt5SerialBus.so.5
libQt5Sql.so.5
libQt5Svg.so.5
libQt5WaylandClient.so.5
libQt5WaylandCompositor.so.5
libdjvulibre.so.21
libdouble-conversion.so.1
libdtkcore.so.5
libdtkgui.so.5
libdtkwidget.so.5
libicui18n.so.63
libicuuc.so.63
libjxrglue.so.0
libmng.so.1
libopencv_core.so.2.4
libopencv_highgui.so.2.4
libopencv_imgproc.so.2.4
libraw.so.19
libsane.so.1
libtiff.so.5
libwebp.so.6
libwmflite-0.2.so.7
