libQt53DAnimation.so.5
libQt53DCore.so.5
libQt53DExtras.so.5
libQt53DInput.so.5
libQt53DLogic.so.5
libQt53DQuick.so.5
libQt53DQuickScene2D.so.5
libQt53DRender.so.5
libQt5Concurrent.so.5
libQt5Designer.so.5
libQt5EglFSDeviceIntegration.so.5
libQt5EglFsKmsSupport.so.5
libQt5Gamepad.so.5
libQt5Location.so.5
libQt5Multimedia.so.5
libQt5MultimediaWidgets.so.5
libQt5Network.so.5
libQt5Positioning.so.5
libQt5PrintSupport.so.5
libQt5Qml.so.5
libQt5Quick.so.5
libQt5QuickWidgets.so.5
libQt5Sensors.so.5
libQt5SerialBus.so.5
libQt5Sql.so.5
libQt5Svg.so.5
libQt5WebChannel.so.5
libQt5WebEngineCore.so.5
libQt5WebEngineWidgets.so.5
libQt5Xml.so.5
libmysqlclient.so.18
libpq.so.5
libqgsttools_p.so.1
