
WARNING: apt does not have a stable CLI interface. Use with caution in scripts.

Get:1 https://azure.ports.ubuntu.com/ubuntu-ports noble InRelease [256 kB]
Get:2 https://azure.ports.ubuntu.com/ubuntu-ports noble-updates InRelease [126 kB]
Get:3 https://azure.ports.ubuntu.com/ubuntu-ports noble-backports InRelease [126 kB]
Get:4 https://azure.ports.ubuntu.com/ubuntu-ports noble-security InRelease [126 kB]
Get:5 https://azure.ports.ubuntu.com/ubuntu-ports noble-proposed InRelease [265 kB]
Get:6 https://azure.ports.ubuntu.com/ubuntu-ports noble/main arm64 Packages [1377 kB]
Get:7 https://azure.ports.ubuntu.com/ubuntu-ports noble/main Translation-en [513 kB]
Get:8 https://azure.ports.ubuntu.com/ubuntu-ports noble arm64 Contents (deb) [51.2 MB]
Get:9 https://azure.ports.ubuntu.com/ubuntu-ports noble/restricted arm64 Packages [91.9 kB]
Get:10 https://azure.ports.ubuntu.com/ubuntu-ports noble/restricted Translation-en [18.7 kB]
Get:11 https://azure.ports.ubuntu.com/ubuntu-ports noble/universe arm64 Packages [15.3 MB]
Get:12 https://azure.ports.ubuntu.com/ubuntu-ports noble/universe Translation-en [5982 kB]
Get:13 https://azure.ports.ubuntu.com/ubuntu-ports noble/multiverse arm64 Packages [223 kB]
Get:14 https://azure.ports.ubuntu.com/ubuntu-ports noble/multiverse Translation-en [118 kB]
Get:15 https://azure.ports.ubuntu.com/ubuntu-ports noble-updates/main arm64 Packages [962 kB]
Get:16 https://azure.ports.ubuntu.com/ubuntu-ports noble-updates/main Translation-en [213 kB]
Get:17 https://azure.ports.ubuntu.com/ubuntu-ports noble-updates arm64 Contents (deb) [67.2 MB]
Get:18 https://azure.ports.ubuntu.com/ubuntu-ports noble-updates/restricted arm64 Packages [989 kB]
Get:19 https://azure.ports.ubuntu.com/ubuntu-ports noble-updates/restricted Translation-en [170 kB]
Get:20 https://azure.ports.ubuntu.com/ubuntu-ports noble-updates/universe arm64 Packages [1016 kB]
Get:21 https://azure.ports.ubuntu.com/ubuntu-ports noble-updates/universe Translation-en [263 kB]
Get:22 https://azure.ports.ubuntu.com/ubuntu-ports noble-updates/multiverse arm64 Packages [16.9 kB]
Get:23 https://azure.ports.ubuntu.com/ubuntu-ports noble-updates/multiverse Translation-en [4788 B]
Get:24 https://azure.ports.ubuntu.com/ubuntu-ports noble-backports/main arm64 Packages [39.1 kB]
Get:25 https://azure.ports.ubuntu.com/ubuntu-ports noble-backports/main Translation-en [8676 B]
Get:26 https://azure.ports.ubuntu.com/ubuntu-ports noble-backports arm64 Contents (deb) [766 kB]
Get:27 https://azure.ports.ubuntu.com/ubuntu-ports noble-backports/universe arm64 Packages [26.5 kB]
Get:28 https://azure.ports.ubuntu.com/ubuntu-ports noble-backports/universe Translation-en [16.3 kB]
Get:29 https://azure.ports.ubuntu.com/ubuntu-ports noble-security/main arm64 Packages [715 kB]
Get:30 https://azure.ports.ubuntu.com/ubuntu-ports noble-security/main Translation-en [136 kB]
Get:31 https://azure.ports.ubuntu.com/ubuntu-ports noble-security arm64 Contents (deb) [59.7 MB]
Get:32 https://azure.ports.ubuntu.com/ubuntu-ports noble-security/restricted arm64 Packages [950 kB]
Get:33 https://azure.ports.ubuntu.com/ubuntu-ports noble-security/restricted Translation-en [164 kB]
Get:34 https://azure.ports.ubuntu.com/ubuntu-ports noble-security/universe arm64 Packages [797 kB]
Get:35 https://azure.ports.ubuntu.com/ubuntu-ports noble-security/universe Translation-en [177 kB]
Get:36 https://azure.ports.ubuntu.com/ubuntu-ports noble-security/multiverse arm64 Packages [15.3 kB]
Get:37 https://azure.ports.ubuntu.com/ubuntu-ports noble-security/multiverse Translation-en [3792 B]
Get:38 https://azure.ports.ubuntu.com/ubuntu-ports noble-proposed/main arm64 Packages [211 kB]
Get:39 https://azure.ports.ubuntu.com/ubuntu-ports noble-proposed/main Translation-en [52.4 kB]
Get:40 https://azure.ports.ubuntu.com/ubuntu-ports noble-proposed arm64 Contents (deb) [16.3 MB]
Get:41 https://azure.ports.ubuntu.com/ubuntu-ports noble-proposed/restricted arm64 Packages [372 kB]
Get:42 https://azure.ports.ubuntu.com/ubuntu-ports noble-proposed/restricted Translation-en [65.7 kB]
Get:43 https://azure.ports.ubuntu.com/ubuntu-ports noble-proposed/universe arm64 Packages [423 kB]
Get:44 https://azure.ports.ubuntu.com/ubuntu-ports noble-proposed/universe Translation-en [59.9 kB]
Get:45 https://azure.ports.ubuntu.com/ubuntu-ports noble-proposed/multiverse arm64 Packages [6100 B]
Get:46 https://azure.ports.ubuntu.com/ubuntu-ports noble-proposed/multiverse Translation-en [1328 B]
Fetched 228 MB in 24s (9658 kB/s)
Reading package lists...
Building dependency tree...
All packages are up to date.
