removed '/usr/share/applications/google-maps-geo-handler.desktop'
removed '/usr/share/applications/okularApplication_djvu.desktop'
removed '/usr/share/applications/org.kde.mobile.okular_djvu.desktop'
removed '/usr/share/applications/openstreetmap-geo-handler.desktop'
removed '/usr/share/applications/ktelnetservice5.desktop'
removed '/usr/share/applications/org.kde.kded5.desktop'
removed '/usr/share/applications/org.kde.kwalletd5.desktop'
removed '/usr/share/applications/python3.12.desktop'
removed '/usr/share/applications/okularApplication_tiff.desktop'
removed '/usr/share/applications/org.kde.mobile.okular_tiff.desktop'
removed '/usr/share/applications/org.kde.keditbookmarks.desktop'
removed '/usr/share/applications/okularApplication_chm.desktop'
removed '/usr/share/applications/wheelmap-geo-handler.desktop'
removed '/usr/share/applications/okularApplication_md.desktop'
removed '/usr/share/applications/zutty.desktop'
removed '/usr/share/applications/org.kde.mobile.okular_chm.desktop'
removed '/usr/share/applications/org.kde.mobile.okular_md.desktop'
removed '/usr/share/applications/okularApplication_epub.desktop'
removed '/usr/share/applications/org.kde.mobile.okular_epub.desktop'
removed '/usr/share/applications/kcm_trash.desktop'
removed '/usr/share/applications/python3.11.desktop'
removed '/usr/share/applications/geoclue-demo-agent.desktop'
removed '/usr/share/applications/qwant-maps-geo-handler.desktop'
