./libengine.so
libIlmImf-2_2.so.23
libKF5Activities.so.5
libKF5Archive.so.5
libKF5Auth.so.5
libKF5Codecs.so.5
libKF5Completion.so.5
libKF5ConfigCore.so.5
libKF5ConfigGui.so.5
libKF5ConfigWidgets.so.5
libKF5CoreAddons.so.5
libKF5Crash.so.5
libKF5DBusAddons.so.5
libKF5Declarative.so.5
libKF5DocTools.so.5
libKF5GlobalAccel.so.5
libKF5GlobalAccelPrivate.so.5
libKF5I18n.so.5
libKF5IdleTime.so.5
libKF5ItemViews.so.5
libKF5KCMUtils.so.5
libKF5KIOCore.so.5
libKF5KIONTLM.so.5
libKF5KIOWidgets.so.5
libKF5NewStuff.so.5
libKF5Notifications.so.5
libKF5Package.so.5
libKF5Plasma.so.5
libKF5PlasmaQuick.so.5
libKF5Service.so.5
libKF5Solid.so.5
libKF5TextWidgets.so.5
libKF5Wallet.so.5
libKF5WaylandServer.so.5
libKF5WidgetsAddons.so.5
libKF5WindowSystem.so.5
libKF5XmlGui.so.5
libQt5EglFSDeviceIntegration.so.5
libQt5EglFsKmsSupport.so.5
libQt5MultimediaGstTools.so.5
libQt5PrintSupport.so.5
libQt5Qml.so.5
libQt5Quick.so.5
libQt5QuickWidgets.so.5
libQt5Script.so.5
libQt5Sensors.so.5
libQt5WebKitWidgets.so.5
libXss.so.1
libdjvulibre.so.21
libdouble-conversion.so.1
libdtkcore.so.5
libdtkgui.so.5
libdtkwidget.so.5
libexslt.so.0
libicui18n.so.63
libicuuc.so.63
libinput.so.10
libjxrglue.so.0
libkdecorations2.so.5
libkdecorations2private.so.6
libkwin-xcb.so.0
libkwin.so.5
libkwin4_effect_builtins.so.1
libkwineffects.so.11
libkwinglutils.so.11
libkwinxrenderutils.so.11
libmng.so.1
libmtdev.so.1
libopencv_core.so.2.4
libopencv_highgui.so.2.4
libopencv_imgproc.so.2.4
libphonon4qt5.so.4
libpolkit-qt5-core-1.so.1
libpython3.7m.so.1.0
libraw.so.19
libsane.so.1
libtiff.so.5
libvlc.so.5
libvlccore.so.9
libwebp.so.6
libwmflite-0.2.so.7
