libIex-2_2.so.12
libIlmThread-2_2.so.12
libQt53DCore.so.5
libQt53DExtras.so.5
libQt53DQuickScene2D.so.5
libQt53DRender.so.5
libQt5EglDeviceIntegration.so.5
libQt5EglFSDeviceIntegration.so.5
libQt5Gamepad.so.5
libQt5Location.so.5
libQt5Multimedia.so.5
libQt5Positioning.so.5
libQt5Qml.so.5
libQt5Quick.so.5
libQt5Sensors.so.5
libQt5SerialBus.so.5
libQt5Sql.so.5
libQt5Svg.so.5
libQt5WaylandClient.so.5
libQt5WaylandCompositor.so.5
libdouble-conversion.so.1
libdtkcore.so.5
libdtkgui.so.5
libdtkwidget.so.5
libicui18n.so.63
libicuuc.so.63
libieee1284.so.3
libjpeg.so.8
libmng.so.1
libmtdev.so.1
libraw.so.19
libtiff.so.5
libusb-0.1.so.4
libwebp.so.6
