libKF5Activities.so.5
libKF5Archive.so.5
libKF5Auth.so.5
libKF5Codecs.so.5
libKF5Completion.so.5
libKF5ConfigCore.so.5
libKF5ConfigGui.so.5
libKF5ConfigWidgets.so.5
libKF5CoreAddons.so.5
libKF5Crash.so.5
libKF5DBusAddons.so.5
libKF5Declarative.so.5
libKF5DocTools.so.5
libKF5GlobalAccel.so.5
libKF5GlobalAccelPrivate.so.5
libKF5I18n.so.5
libKF5IdleTime.so.5
libKF5ItemViews.so.5
libKF5KCMUtils.so.5
libKF5KIOCore.so.5
libKF5KIONTLM.so.5
libKF5KIOWidgets.so.5
libKF5NewStuff.so.5
libKF5Notifications.so.5
libKF5Package.so.5
libKF5Plasma.so.5
libKF5PlasmaQuick.so.5
libKF5Service.so.5
libKF5Solid.so.5
libKF5TextWidgets.so.5
libKF5Wallet.so.5
libKF5WaylandServer.so.5
libKF5WidgetsAddons.so.5
libKF5WindowSystem.so.5
libKF5XmlGui.so.5
libQt5EglFSDeviceIntegration.so.5
libQt5EglFsKmsSupport.so.5
libQt5MultimediaGstTools.so.5
libQt5Positioning.so.5
libQt5Qml.so.5
libQt5Quick.so.5
libQt5QuickWidgets.so.5
libQt5Script.so.5
libQt5Sensors.so.5
libQt5Sql.so.5
libQt5WebEngine.so.5
libQt5WebEngineWidgets.so.5
libQt5WebKitWidgets.so.5
libQt5WebView.so.5
libXss.so.1
libexslt.so.0
libinput.so.10
libkcmkwincommon.so.5
libkdecorations2.so.5
libkdecorations2private.so.6
libkwin-xcb.so.0
libkwin.so.5
libkwin4_effect_builtins.so.1
libkwineffects.so.12
libkwinglutils.so.12
libkwinxrenderutils.so.12
libphonon4qt5.so.4
libpolkit-qt5-core-1.so.1
libpython3.7m.so.1.0
libvlc.so.5
libvlccore.so.9
