
WARNING: apt does not have a stable CLI interface. Use with caution in scripts.

Get:1 https://azure.ports.ubuntu.com/ubuntu-ports noble InRelease [256 kB]
Get:2 https://azure.ports.ubuntu.com/ubuntu-ports noble-updates InRelease [126 kB]
Get:3 https://community-packages.deepin.com/beige beige InRelease [35.8 kB]
Get:4 https://azure.ports.ubuntu.com/ubuntu-ports noble-backports InRelease [126 kB]
Get:5 https://community-packages.deepin.com/driver-23 driver InRelease [16.7 kB]
Ign:3 https://community-packages.deepin.com/beige beige InRelease
Get:6 https://azure.ports.ubuntu.com/ubuntu-ports noble-security InRelease [126 kB]
Ign:5 https://community-packages.deepin.com/driver-23 driver InRelease
Get:7 https://community-packages.deepin.com/beige beige/main arm64 Packages [10.5 MB]
Get:8 https://azure.ports.ubuntu.com/ubuntu-ports noble-proposed InRelease [265 kB]
Get:9 https://azure.ports.ubuntu.com/ubuntu-ports noble/main arm64 Packages [1377 kB]
Get:10 https://azure.ports.ubuntu.com/ubuntu-ports noble/main Translation-en [513 kB]
Get:11 https://azure.ports.ubuntu.com/ubuntu-ports noble arm64 Contents (deb) [51.2 MB]
Get:12 https://community-packages.deepin.com/beige beige/main arm64 Contents (deb) [15.0 MB]
Get:13 https://community-packages.deepin.com/beige beige/commercial arm64 Packages [54.7 kB]
Get:14 https://community-packages.deepin.com/beige beige/commercial arm64 Contents (deb) [456 kB]
Get:15 https://community-packages.deepin.com/beige beige/community arm64 Packages [748 kB]
Get:16 https://community-packages.deepin.com/beige beige/community arm64 Contents (deb) [773 kB]
Get:17 https://community-packages.deepin.com/driver-23 driver/non-free arm64 Packages [661 kB]
Get:18 https://community-packages.deepin.com/driver-23 driver/non-free arm64 Contents (deb) [773 kB]
Get:19 https://azure.ports.ubuntu.com/ubuntu-ports noble/restricted arm64 Packages [91.9 kB]
Get:20 https://azure.ports.ubuntu.com/ubuntu-ports noble/restricted Translation-en [18.7 kB]
Get:21 https://azure.ports.ubuntu.com/ubuntu-ports noble/universe arm64 Packages [15.3 MB]
Get:22 https://azure.ports.ubuntu.com/ubuntu-ports noble/universe Translation-en [5982 kB]
Get:23 https://azure.ports.ubuntu.com/ubuntu-ports noble/multiverse arm64 Packages [223 kB]
Get:24 https://azure.ports.ubuntu.com/ubuntu-ports noble/multiverse Translation-en [118 kB]
Get:25 https://azure.ports.ubuntu.com/ubuntu-ports noble-updates/main arm64 Packages [962 kB]
Get:26 https://azure.ports.ubuntu.com/ubuntu-ports noble-updates/main Translation-en [213 kB]
Get:27 https://azure.ports.ubuntu.com/ubuntu-ports noble-updates arm64 Contents (deb) [67.2 MB]
Get:28 https://azure.ports.ubuntu.com/ubuntu-ports noble-updates/restricted arm64 Packages [989 kB]
Get:29 https://azure.ports.ubuntu.com/ubuntu-ports noble-updates/restricted Translation-en [170 kB]
Get:30 https://azure.ports.ubuntu.com/ubuntu-ports noble-updates/universe arm64 Packages [1014 kB]
Get:31 https://azure.ports.ubuntu.com/ubuntu-ports noble-updates/universe Translation-en [263 kB]
Get:32 https://azure.ports.ubuntu.com/ubuntu-ports noble-updates/multiverse arm64 Packages [16.9 kB]
Get:33 https://azure.ports.ubuntu.com/ubuntu-ports noble-updates/multiverse Translation-en [4788 B]
Get:34 https://azure.ports.ubuntu.com/ubuntu-ports noble-backports/main arm64 Packages [39.1 kB]
Get:35 https://azure.ports.ubuntu.com/ubuntu-ports noble-backports/main Translation-en [8676 B]
Get:36 https://azure.ports.ubuntu.com/ubuntu-ports noble-backports arm64 Contents (deb) [766 kB]
Get:37 https://azure.ports.ubuntu.com/ubuntu-ports noble-backports/universe arm64 Packages [26.5 kB]
Get:38 https://azure.ports.ubuntu.com/ubuntu-ports noble-backports/universe Translation-en [16.3 kB]
Get:39 https://azure.ports.ubuntu.com/ubuntu-ports noble-security/main arm64 Packages [709 kB]
Get:40 https://azure.ports.ubuntu.com/ubuntu-ports noble-security/main Translation-en [135 kB]
Get:41 https://azure.ports.ubuntu.com/ubuntu-ports noble-security arm64 Contents (deb) [59.7 MB]
Get:42 https://azure.ports.ubuntu.com/ubuntu-ports noble-security/restricted arm64 Packages [933 kB]
Get:43 https://azure.ports.ubuntu.com/ubuntu-ports noble-security/restricted Translation-en [160 kB]
Get:44 https://azure.ports.ubuntu.com/ubuntu-ports noble-security/universe arm64 Packages [798 kB]
Get:45 https://azure.ports.ubuntu.com/ubuntu-ports noble-security/universe Translation-en [178 kB]
Get:46 https://azure.ports.ubuntu.com/ubuntu-ports noble-security/multiverse arm64 Packages [18.7 kB]
Get:47 https://azure.ports.ubuntu.com/ubuntu-ports noble-security/multiverse Translation-en [4460 B]
Get:48 https://azure.ports.ubuntu.com/ubuntu-ports noble-proposed/main arm64 Packages [205 kB]
Get:49 https://azure.ports.ubuntu.com/ubuntu-ports noble-proposed/main Translation-en [51.1 kB]
Get:50 https://azure.ports.ubuntu.com/ubuntu-ports noble-proposed arm64 Contents (deb) [16.3 MB]
Get:51 https://azure.ports.ubuntu.com/ubuntu-ports noble-proposed/restricted arm64 Packages [368 kB]
Get:52 https://azure.ports.ubuntu.com/ubuntu-ports noble-proposed/restricted Translation-en [65.1 kB]
Get:53 https://azure.ports.ubuntu.com/ubuntu-ports noble-proposed/universe arm64 Packages [419 kB]
Get:54 https://azure.ports.ubuntu.com/ubuntu-ports noble-proposed/universe Translation-en [57.9 kB]
Get:55 https://azure.ports.ubuntu.com/ubuntu-ports noble-proposed/multiverse arm64 Packages [6100 B]
Get:56 https://azure.ports.ubuntu.com/ubuntu-ports noble-proposed/multiverse Translation-en [1328 B]
Fetched 256 MB in 24s (10.9 MB/s)
Reading package lists...
Building dependency tree...
All packages are up to date.
W: GPG error: https://community-packages.deepin.com/beige beige InRelease: The following signatures couldn't be verified because the public key is not available: NO_PUBKEY 425956BB3E31DF51
W: GPG error: https://community-packages.deepin.com/driver-23 driver InRelease: The following signatures couldn't be verified because the public key is not available: NO_PUBKEY 425956BB3E31DF51
