
WARNING: apt does not have a stable CLI interface. Use with caution in scripts.

Get:1 https://community-packages.deepin.com/beige beige InRelease [35.8 kB]
Ign:1 https://community-packages.deepin.com/beige beige InRelease
Get:2 https://community-packages.deepin.com/driver-23 driver InRelease [16.7 kB]
Ign:2 https://community-packages.deepin.com/driver-23 driver InRelease
Get:4 https://community-packages.deepin.com/beige beige/main arm64 Packages [10.7 MB]
Get:3 https://app-store-files.uniontech.com/250416182411103/appstorev23 beige InRelease [7673 B]
Ign:3 https://app-store-files.uniontech.com/250416182411103/appstorev23 beige InRelease
Get:5 https://community-packages.deepin.com/beige beige/main arm64 Contents (deb) [15.7 MB]
Get:6 https://app-store-files.uniontech.com/250416182411103/appstorev23 beige/appstore arm64 Packages [187 kB]
Get:7 https://community-packages.deepin.com/beige beige/commercial arm64 Packages [54.1 kB]
Get:8 https://community-packages.deepin.com/beige beige/commercial arm64 Contents (deb) [456 kB]
Get:9 https://community-packages.deepin.com/beige beige/community arm64 Packages [797 kB]
Get:10 https://community-packages.deepin.com/beige beige/community arm64 Contents (deb) [1031 kB]
Get:11 https://community-packages.deepin.com/driver-23 driver/non-free arm64 Packages [661 kB]
Get:12 https://community-packages.deepin.com/driver-23 driver/non-free arm64 Contents (deb) [773 kB]
Fetched 30.4 MB in 9s (3349 kB/s)
Reading package lists...
Building dependency tree...
All packages are up to date.
W: GPG error: https://community-packages.deepin.com/beige beige InRelease: The following signatures couldn't be verified because the public key is not available: NO_PUBKEY 425956BB3E31DF51
W: GPG error: https://community-packages.deepin.com/driver-23 driver InRelease: The following signatures couldn't be verified because the public key is not available: NO_PUBKEY 425956BB3E31DF51
W: GPG error: https://app-store-files.uniontech.com/250416182411103/appstorev23 beige InRelease: The following signatures couldn't be verified because the public key is not available: NO_PUBKEY B8F213033DB6B2D6
