removed '/usr/share/applications/google-maps-geo-handler.desktop'
removed '/usr/share/applications/org.kde.dolphin.desktop'
removed '/usr/share/applications/okularApplication_kimgio.desktop'
removed '/usr/share/applications/okularApplication_djvu.desktop'
removed '/usr/share/applications/org.kde.mobile.okular_djvu.desktop'
removed '/usr/share/applications/texdoctk.desktop'
removed '/usr/share/applications/bookmarks.desktop'
removed '/usr/share/applications/org.kde.knewstuff-dialog.desktop'
removed '/usr/share/applications/okularApplication_comicbook.desktop'
removed '/usr/share/applications/kfmclient.desktop'
removed '/usr/share/applications/openstreetmap-geo-handler.desktop'
removed '/usr/share/applications/ktelnetservice5.desktop'
removed '/usr/share/applications/okularApplication_fb.desktop'
removed '/usr/share/applications/okularApplication_xps.desktop'
removed '/usr/share/applications/kfmclient_war.desktop'
removed '/usr/share/applications/okularApplication_txt.desktop'
removed '/usr/share/applications/org.kde.kded5.desktop'
removed '/usr/share/applications/org.kde.kwalletd5.desktop'
removed '/usr/share/applications/org.rncbc.qjackctl.desktop'
removed '/usr/share/applications/okularApplication_ghostview.desktop'
removed '/usr/share/applications/org.kde.kfind.desktop'
removed '/usr/share/applications/python3.12.desktop'
removed '/usr/share/applications/okularApplication_tiff.desktop'
removed '/usr/share/applications/konqbrowser.desktop'
removed '/usr/share/applications/org.kde.mobile.okular_tiff.desktop'
removed '/usr/share/applications/okularApplication_plucker.desktop'
removed '/usr/share/applications/org.kde.keditbookmarks.desktop'
removed '/usr/share/applications/okularApplication_fax.desktop'
removed '/usr/share/applications/org.kde.konqueror.desktop'
removed '/usr/share/applications/okularApplication_chm.desktop'
removed '/usr/share/applications/wheelmap-geo-handler.desktop'
removed '/usr/share/applications/okularApplication_mobi.desktop'
removed '/usr/share/applications/okularApplication_md.desktop'
removed '/usr/share/applications/zutty.desktop'
removed '/usr/share/applications/org.kde.mobile.okular_chm.desktop'
removed '/usr/share/applications/kfmclient_dir.desktop'
removed '/usr/share/applications/org.kde.mobile.okular_md.desktop'
removed '/usr/share/applications/okularApplication_pdf.desktop'
removed '/usr/share/applications/okularApplication_epub.desktop'
removed '/usr/share/applications/okularApplication_dvi.desktop'
removed '/usr/share/applications/org.kde.mobile.okular_epub.desktop'
removed '/usr/share/applications/kcm_trash.desktop'
removed '/usr/share/applications/python3.11.desktop'
removed '/usr/share/applications/org.kde.okular.desktop'
removed '/usr/share/applications/geoclue-demo-agent.desktop'
removed '/usr/share/applications/qwant-maps-geo-handler.desktop'
removed '/usr/share/applications/kfmclient_html.desktop'
