removed '/usr/share/applications/org.buddiesofbudgie.BudgieDesktopSettings.desktop'
removed '/usr/share/applications/budgie-diagnostics-panel.desktop'
removed '/usr/share/applications/budgie-info-overview-panel.desktop'
removed '/usr/share/applications/budgie-microphone-panel.desktop'
removed '/usr/share/applications/budgie-power-panel.desktop'
removed '/usr/share/applications/org.gnome.PowerStats.desktop'
removed '/usr/share/applications/budgie-network-panel.desktop'
removed '/usr/share/applications/nm-connection-editor.desktop'
removed '/usr/share/applications/nm-applet.desktop'
removed '/usr/share/applications/budgie-region-panel.desktop'
removed '/usr/share/applications/gnome-user-share-webdav.desktop'
removed '/usr/share/applications/org.buddiesofbudgie.sendto.desktop'
removed '/usr/share/applications/budgie-sharing-panel.desktop'
removed '/usr/share/applications/org.buddiesofbudgie.BudgiePolkit.desktop'
removed '/usr/share/applications/gkbd-keyboard-display.desktop'
removed '/usr/share/applications/budgie-printers-panel.desktop'
removed '/usr/share/applications/rygel.desktop'
removed '/usr/share/applications/budgie-removable-media-panel.desktop'
removed '/usr/share/applications/budgie-location-panel.desktop'
removed '/usr/share/applications/gcr-viewer.desktop'
removed '/usr/share/applications/budgie-wacom-panel.desktop'
removed '/usr/share/applications/budgie-display-panel.desktop'
removed '/usr/share/applications/org.buddiesofbudgie.BudgieDaemon.desktop'
removed '/usr/share/applications/org.gnome.Zenity.desktop'
removed '/usr/share/applications/budgie-sound-panel.desktop'
removed '/usr/share/applications/budgie-control-center.desktop'
removed '/usr/share/applications/budgie-multitasking-panel.desktop'
removed '/usr/share/applications/python3.12.desktop'
removed '/usr/share/applications/budgie-keyboard-panel.desktop'
removed '/usr/share/applications/org.ubuntubudgie.previewscontrols.desktop'
removed '/usr/share/applications/budgie-background-panel.desktop'
removed '/usr/share/applications/budgie-notifications-panel.desktop'
removed '/usr/share/applications/org.buddiesofbudgie.BudgieWm.desktop'
removed '/usr/share/applications/budgie-wwan-panel.desktop'
removed '/usr/share/applications/budgie-user-accounts-panel.desktop'
removed '/usr/share/applications/budgie-universal-access-panel.desktop'
removed '/usr/share/applications/budgie-applications-panel.desktop'
removed '/usr/share/applications/budgie-datetime-panel.desktop'
removed '/usr/share/applications/budgie-thunderbolt-panel.desktop'
removed '/usr/share/applications/gcr-prompter.desktop'
removed '/usr/share/applications/budgie-default-apps-panel.desktop'
removed '/usr/share/applications/budgie-color-panel.desktop'
removed '/usr/share/applications/budgie-camera-panel.desktop'
removed '/usr/share/applications/budgie-mouse-panel.desktop'
removed '/usr/share/applications/budgie-usage-panel.desktop'
removed '/usr/share/applications/gnome-screensaver.desktop'
removed '/usr/share/applications/budgie-bluetooth-panel.desktop'
removed '/usr/share/applications/budgie-wifi-panel.desktop'
removed '/usr/share/applications/python3.11.desktop'
removed '/usr/share/applications/org.buddiesofbudgie.BudgiePanel.desktop'
removed '/usr/share/applications/geoclue-demo-agent.desktop'
removed '/usr/share/applications/org.buddiesofbudgie.BudgieScreenshot.desktop'
