
WARNING: apt does not have a stable CLI interface. Use with caution in scripts.

Get:1 http://azure.archive.ubuntu.com/ubuntu noble InRelease [256 kB]
Get:2 http://azure.archive.ubuntu.com/ubuntu noble-updates InRelease [126 kB]
Get:3 http://azure.archive.ubuntu.com/ubuntu noble-backports InRelease [126 kB]
Get:4 http://azure.archive.ubuntu.com/ubuntu noble-security InRelease [126 kB]
Get:5 http://azure.archive.ubuntu.com/ubuntu noble-proposed InRelease [265 kB]
Get:6 http://azure.archive.ubuntu.com/ubuntu noble/main amd64 Packages [1401 kB]
Get:7 http://azure.archive.ubuntu.com/ubuntu noble/main Translation-en [513 kB]
Get:8 http://azure.archive.ubuntu.com/ubuntu noble amd64 Contents (deb) [51.3 MB]
Get:9 http://azure.archive.ubuntu.com/ubuntu noble/restricted amd64 Packages [93.9 kB]
Get:10 http://azure.archive.ubuntu.com/ubuntu noble/restricted Translation-en [18.7 kB]
Get:11 http://azure.archive.ubuntu.com/ubuntu noble/universe amd64 Packages [15.0 MB]
Get:12 http://azure.archive.ubuntu.com/ubuntu noble/universe Translation-en [5982 kB]
Get:13 http://azure.archive.ubuntu.com/ubuntu noble/multiverse amd64 Packages [269 kB]
Get:14 http://azure.archive.ubuntu.com/ubuntu noble/multiverse Translation-en [118 kB]
Get:15 http://azure.archive.ubuntu.com/ubuntu noble-updates/main amd64 Packages [960 kB]
Get:16 http://azure.archive.ubuntu.com/ubuntu noble-updates/main Translation-en [213 kB]
Get:17 http://azure.archive.ubuntu.com/ubuntu noble-updates amd64 Contents (deb) [52.7 MB]
Get:18 http://azure.archive.ubuntu.com/ubuntu noble-updates/restricted amd64 Packages [842 kB]
Get:19 http://azure.archive.ubuntu.com/ubuntu noble-updates/restricted Translation-en [170 kB]
Get:20 http://azure.archive.ubuntu.com/ubuntu noble-updates/universe amd64 Packages [1044 kB]
Get:21 http://azure.archive.ubuntu.com/ubuntu noble-updates/universe Translation-en [263 kB]
Get:22 http://azure.archive.ubuntu.com/ubuntu noble-updates/multiverse amd64 Packages [21.5 kB]
Get:23 http://azure.archive.ubuntu.com/ubuntu noble-updates/multiverse Translation-en [4788 B]
Get:24 http://azure.archive.ubuntu.com/ubuntu noble-backports/main amd64 Packages [39.1 kB]
Get:25 http://azure.archive.ubuntu.com/ubuntu noble-backports/main Translation-en [8676 B]
Get:26 http://azure.archive.ubuntu.com/ubuntu noble-backports amd64 Contents (deb) [767 kB]
Get:27 http://azure.archive.ubuntu.com/ubuntu noble-backports/universe amd64 Packages [26.4 kB]
Get:28 http://azure.archive.ubuntu.com/ubuntu noble-backports/universe Translation-en [16.3 kB]
Get:29 http://azure.archive.ubuntu.com/ubuntu noble-security/main amd64 Packages [711 kB]
Get:30 http://azure.archive.ubuntu.com/ubuntu noble-security/main Translation-en [136 kB]
Get:31 http://azure.archive.ubuntu.com/ubuntu noble-security amd64 Contents (deb) [49.4 MB]
Get:32 http://azure.archive.ubuntu.com/ubuntu noble-security/restricted amd64 Packages [810 kB]
Get:33 http://azure.archive.ubuntu.com/ubuntu noble-security/restricted Translation-en [164 kB]
Get:34 http://azure.archive.ubuntu.com/ubuntu noble-security/universe amd64 Packages [822 kB]
Get:35 http://azure.archive.ubuntu.com/ubuntu noble-security/universe Translation-en [177 kB]
Get:36 http://azure.archive.ubuntu.com/ubuntu noble-security/multiverse amd64 Packages [17.6 kB]
Get:37 http://azure.archive.ubuntu.com/ubuntu noble-security/multiverse Translation-en [3792 B]
Get:38 http://azure.archive.ubuntu.com/ubuntu noble-proposed/main amd64 Packages [218 kB]
Get:39 http://azure.archive.ubuntu.com/ubuntu noble-proposed/main Translation-en [53.3 kB]
Get:40 http://azure.archive.ubuntu.com/ubuntu noble-proposed amd64 Contents (deb) [14.1 MB]
Get:41 http://azure.archive.ubuntu.com/ubuntu noble-proposed/restricted amd64 Packages [284 kB]
Get:42 http://azure.archive.ubuntu.com/ubuntu noble-proposed/restricted Translation-en [65.7 kB]
Get:43 http://azure.archive.ubuntu.com/ubuntu noble-proposed/universe amd64 Packages [464 kB]
Get:44 http://azure.archive.ubuntu.com/ubuntu noble-proposed/universe Translation-en [59.9 kB]
Get:45 http://azure.archive.ubuntu.com/ubuntu noble-proposed/multiverse Translation-en [1328 B]
Fetched 200 MB in 20s (9863 kB/s)
Reading package lists...
Building dependency tree...
All packages are up to date.
